<?xml version="1.0" encoding="UTF-8"?>
<!-- Generated by org.testng.reporters.JUnitReportReporter -->
<testsuite skipped="0" hostname="LAPTOP-31B2K48K" name="com.ksrtc.qa.testcases.HomePageTest" tests="7" failures="0" timestamp="31 May 2019 16:52:06 GMT" time="122.217" errors="0">
  <testcase name="homePageTitleTest" time="19.769" classname="com.ksrtc.qa.testcases.HomePageTest"/>
  <testcase name="homePageHeaderTest" time="6.037" classname="com.ksrtc.qa.testcases.HomePageTest"/>
  <testcase name="signInLinkDisplayTest" time="7.954" classname="com.ksrtc.qa.testcases.HomePageTest"/>
  <testcase name="registrationLinkDisplayTest" time="6.551" classname="com.ksrtc.qa.testcases.HomePageTest"/>
  <testcase name="viewTicketLinkDisplayTest" time="69.016" classname="com.ksrtc.qa.testcases.HomePageTest"/>
  <testcase name="cancellationLinkDisplayTest" time="6.053" classname="com.ksrtc.qa.testcases.HomePageTest"/>
  <testcase name="registrationLinkClickTest" time="6.837" classname="com.ksrtc.qa.testcases.HomePageTest"/>
</testsuite> <!-- com.ksrtc.qa.testcases.HomePageTest -->
